[2016-03-31 10:18:25]
select name,c_id,p_id from tb_class where deleted=0 order by tuijian desc,sort;

[2016-03-31 10:18:25]
SELECT COUNT(*) FROM tb_car where deleted =0  ORDER BY sort asc ;

[2016-03-31 10:18:25]
select * from tb_car where deleted =0  ORDER BY sort asc LIMIT 0,10;

[2016-03-31 10:19:19]
select * from tb_car where deleted =0 and car_id= '11' limit 1;

[2016-03-31 10:20:37]
select * from tb_user where email='772321344@qq.com' and deleted =0 limit 1;

[2016-03-31 10:20:37]
UPDATE `tb_user` SET `updated` = '2016-03-31 10:20:36' WHERE u_id;

[2016-03-31 10:20:37]
SELECT COUNT(*) FROM tb_car where deleted =0  ORDER BY sort asc ;

[2016-03-31 10:20:37]
select * from tb_car where deleted =0  ORDER BY sort asc LIMIT 0,10;

[2016-03-31 10:21:59]
SELECT COUNT(*) FROM tb_car where deleted =0 ;

[2016-03-31 10:21:59]
select * from tb_car where deleted =0 LIMIT 0,10;

[2016-03-31 10:22:15]
select * from tb_car where deleted =0 and car_id= '3' limit 1;

[2016-03-31 11:35:27]
select name,c_id,p_id from tb_class where deleted=0 order by tuijian desc,sort;

[2016-03-31 11:35:27]
SELECT COUNT(*) FROM tb_car where deleted =0  ORDER BY sort asc ;

[2016-03-31 11:35:27]
select * from tb_car where deleted =0  ORDER BY sort asc LIMIT 0,10;

[2016-03-31 11:35:32]
SELECT COUNT(*) FROM tb_car where deleted =0 ;

[2016-03-31 11:35:32]
select * from tb_car where deleted =0 LIMIT 0,10;

[2016-03-31 11:35:34]
select * from tb_car where deleted =0 and car_id= '3' limit 1;

[2016-03-31 11:42:12]
select * from tb_car where deleted =0 and car_id= '3' limit 1;

[2016-03-31 11:42:12]
select * from tb_class where deleted=0 and p_id=0;

[2016-03-31 11:42:34]
select * from tb_car where deleted =0 and car_id= '3' limit 1;

[2016-03-31 11:42:34]
select * from tb_class where deleted=0 and p_id=0;

[2016-03-31 11:44:02]
select * from tb_car where deleted =0 and car_id= '3' limit 1;

[2016-03-31 11:44:02]
select * from tb_class where deleted=0 and p_id=0;

[2016-03-31 11:47:01]
select * from tb_car where deleted =0 and car_id= '3' limit 1;

[2016-03-31 11:47:01]
select * from tb_class where deleted=0 and p_id=0;

[2016-03-31 11:47:14]
select * from tb_car where deleted =0 and car_id= '3' limit 1;

[2016-03-31 11:47:15]
select * from tb_class where deleted=0 and p_id=0;

[2016-03-31 11:47:29]
select * from tb_car where deleted =0 and car_id= '3' limit 1;

[2016-03-31 11:47:29]
select * from tb_class where deleted=0 and p_id=0;

[2016-03-31 11:48:05]
select * from tb_car where deleted =0 and car_id= '3' limit 1;

[2016-03-31 11:48:05]
select * from tb_class where deleted=0 and p_id=0;

[2016-03-31 11:48:14]
select * from tb_car where deleted =0 and car_id= '3' limit 1;

[2016-03-31 11:48:14]
select * from tb_class where deleted=0 and p_id=0;

[2016-03-31 11:48:32]
select * from tb_car where deleted =0 and car_id= '3' limit 1;

[2016-03-31 11:48:32]
select * from tb_class where deleted=0 and p_id=0;

[2016-03-31 11:49:07]
select * from tb_car where deleted =0 and car_id= '3' limit 1;

[2016-03-31 11:49:08]
select * from tb_class where deleted=0 and p_id=0;

[2016-03-31 11:49:47]
select * from tb_car where deleted =0 and car_id= '3' limit 1;

[2016-03-31 11:49:47]
select * from tb_class where deleted=0 and p_id=0;

[2016-03-31 11:49:50]
select * from tb_class where deleted=0 and p_id=3;

[2016-03-31 11:50:21]
select * from tb_car where deleted =0 and car_id= '3' limit 1;

[2016-03-31 11:50:21]
select * from tb_class where deleted=0 and p_id=0;

[2016-03-31 11:50:23]
select * from tb_class where deleted=0 and p_id=2;

[2016-03-31 11:50:26]
select * from tb_class where deleted=0 and p_id=4;

[2016-03-31 11:51:46]
select * from tb_car where deleted =0 and car_id= '3' limit 1;

[2016-03-31 11:52:10]
select * from tb_car where deleted =0 and car_id= '3' limit 1;

[2016-03-31 11:52:30]
select * from tb_car where deleted =0 and car_id= '3' limit 1;

[2016-03-31 11:53:42]
select * from tb_car where deleted =0 and car_id= '3' limit 1;

[2016-03-31 11:53:50]
select * from tb_car where deleted =0 and car_id= '3' limit 1;

[2016-03-31 11:54:48]
select * from tb_car where deleted =0 and car_id= '3' limit 1;

[2016-03-31 11:54:53]
select * from tb_car where deleted =0 and car_id= '3' limit 1;

[2016-03-31 11:55:56]
select * from tb_car where deleted =0 and car_id= '3' limit 1;

[2016-03-31 11:56:19]
select * from tb_car where deleted =0 and car_id= '3' limit 1;

[2016-03-31 11:56:20]
select * from tb_class where deleted=0 and p_id=0;

[2016-03-31 11:56:22]
select * from tb_class where deleted=0 and p_id=3;

[2016-03-31 11:56:25]
select * from tb_class where deleted=0 and p_id=1;

[2016-03-31 11:56:29]
select * from tb_class where deleted=0 and p_id=4;

[2016-03-31 11:58:34]
select * from tb_car where deleted =0 and car_id= '3' limit 1;

[2016-03-31 11:58:35]
select * from tb_class where deleted=0 and p_id=0;

[2016-03-31 11:58:37]
select * from tb_class where deleted=0 and p_id=2;

[2016-03-31 11:58:40]
select * from tb_class where deleted=0 and p_id=5;

[2016-03-31 11:59:07]
select * from tb_class where deleted=0 and p_id=3;

[2016-03-31 11:59:09]
select * from tb_class where deleted=0 and p_id=1;

[2016-03-31 11:59:12]
select * from tb_class where deleted=0 and p_id=;

[2016-03-31 11:59:17]
select * from tb_class where deleted=0 and p_id=2;

[2016-03-31 11:59:24]
select * from tb_class where deleted=0 and p_id=3;

[2016-03-31 11:59:27]
select * from tb_class where deleted=0 and p_id=2;

